srun: Job step aborted: Waiting up to 32 seconds for job step to finish.
slurmstepd: error: *** STEP 1731425.1 ON nid006554 CANCELLED AT 2025-09-29T15:54:59 ***
slurmstepd: error: *** JOB 1731425 ON nid006554 CANCELLED AT 2025-09-29T15:54:59 ***
