srun: Job step aborted: Waiting up to 32 seconds for job step to finish.
slurmstepd: error: *** STEP 1731298.1 ON nid006562 CANCELLED AT 2025-09-29T15:39:59 ***
slurmstepd: error: *** JOB 1731298 ON nid006562 CANCELLED AT 2025-09-29T15:39:59 ***
